# JRE version: Java(TM) SE Runtime Environment (7.0_60-b19) (build 1.7.0_60-b19)
# Java VM: Java HotSpot(TM) 64-Bit Server VM (24.60-b09 mixed mode windows-amd64 compressed oops)
Heap
 PSYoungGen      total 111616K, used 89783K [0x00000007d6500000, 0x00000007e4300000, 0x0000000800000000)
  eden space 106496K, 79% used [0x00000007d6500000,0x00000007db7adcb0,0x00000007dcd00000)
  from space 5120K, 100% used [0x00000007de500000,0x00000007dea00000,0x00000007dea00000)
  to   space 60416K, 0% used [0x00000007e0800000,0x00000007e0800000,0x00000007e4300000)
 ParOldGen       total 193024K, used 90610K [0x0000000783000000, 0x000000078ec80000, 0x00000007d6500000)
  object space 193024K, 46% used [0x0000000783000000,0x000000078887c850,0x000000078ec80000)
 PSPermGen       total 21504K, used 6949K [0x000000077de00000, 0x000000077f300000, 0x0000000783000000)
  object space 21504K, 32% used [0x000000077de00000,0x000000077e4c9740,0x000000077f300000)
GC Heap History (10 events):
Event: 1.117 GC heap before
{Heap before GC invocations=2 (full 0):
 PSYoungGen      total 37888K, used 37875K [0x00000007d6500000, 0x00000007daf00000, 0x0000000800000000)
  eden space 32768K, 100% used [0x00000007d6500000,0x00000007d8500000,0x00000007d8500000)
  from space 5120K, 99% used [0x00000007d8500000,0x00000007d89fcce8,0x00000007d8a00000)
  to   space 5120K, 0% used [0x00000007daa00000,0x00000007daa00000,0x00000007daf00000)
 ParOldGen       total 84992K, used 14846K [0x0000000783000000, 0x0000000788300000, 0x00000007d6500000)
  object space 84992K, 17% used [0x0000000783000000,0x0000000783e7fa18,0x0000000788300000)
 PSPermGen       total 21504K, used 4356K [0x000000077de00000, 0x000000077f300000, 0x0000000783000000)
  object space 21504K, 20% used [0x000000077de00000,0x000000077e241080,0x000000077f300000)
Event: 1.154 GC heap after
Heap after GC invocations=2 (full 0):
 PSYoungGen      total 70656K, used 5120K [0x00000007d6500000, 0x00000007daf00000, 0x0000000800000000)
  eden space 65536K, 0% used [0x00000007d6500000,0x00000007d6500000,0x00000007da500000)
  from space 5120K, 100% used [0x00000007daa00000,0x00000007daf00000,0x00000007daf00000)
  to   space 5120K, 0% used [0x00000007da500000,0x00000007da500000,0x00000007daa00000)
 ParOldGen       total 84992K, used 35611K [0x0000000783000000, 0x0000000788300000, 0x00000007d6500000)
  object space 84992K, 41% used [0x0000000783000000,0x00000007852c6d10,0x0000000788300000)
 PSPermGen       total 21504K, used 4356K [0x000000077de00000, 0x000000077f300000, 0x0000000783000000)
  object space 21504K, 20% used [0x000000077de00000,0x000000077e241080,0x000000077f300000)
}
Event: 1.363 GC heap before
{Heap before GC invocations=3 (full 0):
 PSYoungGen      total 70656K, used 70656K [0x00000007d6500000, 0x00000007daf00000, 0x0000000800000000)
  eden space 65536K, 100% used [0x00000007d6500000,0x00000007da500000,0x00000007da500000)
  from space 5120K, 100% used [0x00000007daa00000,0x00000007daf00000,0x00000007daf00000)
  to   space 5120K, 0% used [0x00000007da500000,0x00000007da500000,0x00000007daa00000)
 ParOldGen       total 84992K, used 35611K [0x0000000783000000, 0x0000000788300000, 0x00000007d6500000)
  object space 84992K, 41% used [0x0000000783000000,0x00000007852c6d10,0x0000000788300000)
 PSPermGen       total 21504K, used 4357K [0x000000077de00000, 0x000000077f300000, 0x0000000783000000)
  object space 21504K, 20% used [0x000000077de00000,0x000000077e241490,0x000000077f300000)
Event: 1.436 GC heap after
Heap after GC invocations=3 (full 0):
 PSYoungGen      total 70656K, used 5120K [0x00000007d6500000, 0x00000007def00000, 0x0000000800000000)
  eden space 65536K, 0% used [0x00000007d6500000,0x00000007d6500000,0x00000007da500000)
  from space 5120K, 100% used [0x00000007da500000,0x00000007daa00000,0x00000007daa00000)
  to   space 5120K, 0% used [0x00000007dea00000,0x00000007dea00000,0x00000007def00000)
 ParOldGen       total 87040K, used 86715K [0x0000000783000000, 0x0000000788500000, 0x00000007d6500000)
  object space 87040K, 99% used [0x0000000783000000,0x00000007884aed10,0x0000000788500000)
 PSPermGen       total 21504K, used 4357K [0x000000077de00000, 0x000000077f300000, 0x0000000783000000)
  object space 21504K, 20% used [0x000000077de00000,0x000000077e241490,0x000000077f300000)
}
Event: 1.436 GC heap before
{Heap before GC invocations=4 (full 1):
 PSYoungGen      total 70656K, used 5120K [0x00000007d6500000, 0x00000007def00000, 0x0000000800000000)
  eden space 65536K, 0% used [0x00000007d6500000,0x00000007d6500000,0x00000007da500000)
  from space 5120K, 100% used [0x00000007da500000,0x00000007daa00000,0x00000007daa00000)
  to   space 5120K, 0% used [0x00000007dea00000,0x00000007dea00000,0x00000007def00000)
 ParOldGen       total 87040K, used 86715K [0x0000000783000000, 0x0000000788500000, 0x00000007d6500000)
  object space 87040K, 99% used [0x0000000783000000,0x00000007884aed10,0x0000000788500000)
 PSPermGen       total 21504K, used 4357K [0x000000077de00000, 0x000000077f300000, 0x0000000783000000)
  object space 21504K, 20% used [0x000000077de00000,0x000000077e241490,0x000000077f300000)
Event: 1.985 GC heap after
Heap after GC invocations=4 (full 1):
 PSYoungGen      total 70656K, used 0K [0x00000007d6500000, 0x00000007def00000, 0x0000000800000000)
  eden space 65536K, 0% used [0x00000007d6500000,0x00000007d6500000,0x00000007da500000)
  from space 5120K, 0% used [0x00000007da500000,0x00000007da500000,0x00000007daa00000)
  to   space 5120K, 0% used [0x00000007dea00000,0x00000007dea00000,0x00000007def00000)
 ParOldGen       total 193024K, used 84528K [0x0000000783000000, 0x000000078ec80000, 0x00000007d6500000)
  object space 193024K, 43% used [0x0000000783000000,0x000000078828c3a8,0x000000078ec80000)
 PSPermGen       total 21504K, used 4355K [0x000000077de00000, 0x000000077f300000, 0x0000000783000000)
  object space 21504K, 20% used [0x000000077de00000,0x000000077e240f10,0x000000077f300000)
}
Event: 6.123 GC heap before
{Heap before GC invocations=5 (full 1):
 PSYoungGen      total 70656K, used 65536K [0x00000007d6500000, 0x00000007def00000, 0x0000000800000000)
  eden space 65536K, 100% used [0x00000007d6500000,0x00000007da500000,0x00000007da500000)
  from space 5120K, 0% used [0x00000007da500000,0x00000007da500000,0x00000007daa00000)
  to   space 5120K, 0% used [0x00000007dea00000,0x00000007dea00000,0x00000007def00000)
 ParOldGen       total 193024K, used 84528K [0x0000000783000000, 0x000000078ec80000, 0x00000007d6500000)
  object space 193024K, 43% used [0x0000000783000000,0x000000078828c3a8,0x000000078ec80000)
 PSPermGen       total 21504K, used 6937K [0x000000077de00000, 0x000000077f300000, 0x0000000783000000)
  object space 21504K, 32% used [0x000000077de00000,0x000000077e4c66f8,0x000000077f300000)
Event: 6.150 GC heap after
Heap after GC invocations=5 (full 1):
 PSYoungGen      total 90624K, used 5120K [0x00000007d6500000, 0x00000007def00000, 0x0000000800000000)
  eden space 85504K, 0% used [0x00000007d6500000,0x00000007d6500000,0x00000007db880000)
  from space 5120K, 100% used [0x00000007dea00000,0x00000007def00000,0x00000007def00000)
  to   space 5120K, 0% used [0x00000007de500000,0x00000007de500000,0x00000007dea00000)
 ParOldGen       total 193024K, used 90594K [0x0000000783000000, 0x000000078ec80000, 0x00000007d6500000)
  object space 193024K, 46% used [0x0000000783000000,0x0000000788878850,0x000000078ec80000)
 PSPermGen       total 21504K, used 6937K [0x000000077de00000, 0x000000077f300000, 0x0000000783000000)
  object space 21504K, 32% used [0x000000077de00000,0x000000077e4c66f8,0x000000077f300000)
}
Event: 14.095 GC heap before
{Heap before GC invocations=6 (full 1):
 PSYoungGen      total 90624K, used 90624K [0x00000007d6500000, 0x00000007def00000, 0x0000000800000000)
  eden space 85504K, 100% used [0x00000007d6500000,0x00000007db880000,0x00000007db880000)
  from space 5120K, 100% used [0x00000007dea00000,0x00000007def00000,0x00000007def00000)
  to   space 5120K, 0% used [0x00000007de500000,0x00000007de500000,0x00000007dea00000)
 ParOldGen       total 193024K, used 90594K [0x0000000783000000, 0x000000078ec80000, 0x00000007d6500000)
  object space 193024K, 46% used [0x0000000783000000,0x0000000788878850,0x000000078ec80000)
 PSPermGen       total 21504K, used 6938K [0x000000077de00000, 0x000000077f300000, 0x0000000783000000)
  object space 21504K, 32% used [0x000000077de00000,0x000000077e4c69d8,0x000000077f300000)
Event: 14.105 GC heap after
Heap after GC invocations=6 (full 1):
 PSYoungGen      total 111616K, used 5120K [0x00000007d6500000, 0x00000007e4300000, 0x0000000800000000)
  eden space 106496K, 0% used [0x00000007d6500000,0x00000007d6500000,0x00000007dcd00000)
  from space 5120K, 100% used [0x00000007de500000,0x00000007dea00000,0x00000007dea00000)
  to   space 60416K, 0% used [0x00000007e0800000,0x00000007e0800000,0x00000007e4300000)
 ParOldGen       total 193024K, used 90610K [0x0000000783000000, 0x000000078ec80000, 0x00000007d6500000)
  object space 193024K, 46% used [0x0000000783000000,0x000000078887c850,0x000000078ec80000)
 PSPermGen       total 21504K, used 6938K [0x000000077de00000, 0x000000077f300000, 0x0000000783000000)
  object space 21504K, 32% used [0x000000077de00000,0x000000077e4c69d8,0x000000077f300000)
}

