# JRE version: Java(TM) SE Runtime Environment (7.0_60-b19) (build 1.7.0_60-b19)
# Java VM: Java HotSpot(TM) 64-Bit Server VM (24.60-b09 mixed mode windows-amd64 compressed oops)
Heap
 PSYoungGen      total 70656K, used 41111K [0x00000007d6500000, 0x00000007def00000, 0x0000000800000000)
  eden space 65536K, 62% used [0x00000007d6500000,0x00000007d8d25ef8,0x00000007da500000)
  from space 5120K, 0% used [0x00000007da500000,0x00000007da500000,0x00000007daa00000)
  to   space 5120K, 0% used [0x00000007dea00000,0x00000007dea00000,0x00000007def00000)
 ParOldGen       total 192512K, used 84526K [0x0000000783000000, 0x000000078ec00000, 0x00000007d6500000)
  object space 192512K, 43% used [0x0000000783000000,0x000000078828b840,0x000000078ec00000)
 PSPermGen       total 21504K, used 6929K [0x000000077de00000, 0x000000077f300000, 0x0000000783000000)
  object space 21504K, 32% used [0x000000077de00000,0x000000077e4c45d8,0x000000077f300000)
GC Heap History (8 events):
Event: 1.160 GC heap before
{Heap before GC invocations=1 (full 0):
 PSYoungGen      total 37888K, used 32768K [0x00000007d6500000, 0x00000007d8f00000, 0x0000000800000000)
  eden space 32768K, 100% used [0x00000007d6500000,0x00000007d8500000,0x00000007d8500000)
  from space 5120K, 0% used [0x00000007d8a00000,0x00000007d8a00000,0x00000007d8f00000)
  to   space 5120K, 0% used [0x00000007d8500000,0x00000007d8500000,0x00000007d8a00000)
 ParOldGen       total 84992K, used 0K [0x0000000783000000, 0x0000000788300000, 0x00000007d6500000)
  object space 84992K, 0% used [0x0000000783000000,0x0000000783000000,0x0000000788300000)
 PSPermGen       total 21504K, used 4339K [0x000000077de00000, 0x000000077f300000, 0x0000000783000000)
  object space 21504K, 20% used [0x000000077de00000,0x000000077e23cc30,0x000000077f300000)
Event: 1.184 GC heap after
Heap after GC invocations=1 (full 0):
 PSYoungGen      total 37888K, used 5100K [0x00000007d6500000, 0x00000007daf00000, 0x0000000800000000)
  eden space 32768K, 0% used [0x00000007d6500000,0x00000007d6500000,0x00000007d8500000)
  from space 5120K, 99% used [0x00000007d8500000,0x00000007d89fb130,0x00000007d8a00000)
  to   space 5120K, 0% used [0x00000007daa00000,0x00000007daa00000,0x00000007daf00000)
 ParOldGen       total 84992K, used 14838K [0x0000000783000000, 0x0000000788300000, 0x00000007d6500000)
  object space 84992K, 17% used [0x0000000783000000,0x0000000783e7da20,0x0000000788300000)
 PSPermGen       total 21504K, used 4339K [0x000000077de00000, 0x000000077f300000, 0x0000000783000000)
  object space 21504K, 20% used [0x000000077de00000,0x000000077e23cc30,0x000000077f300000)
}
Event: 1.329 GC heap before
{Heap before GC invocations=2 (full 0):
 PSYoungGen      total 37888K, used 37868K [0x00000007d6500000, 0x00000007daf00000, 0x0000000800000000)
  eden space 32768K, 100% used [0x00000007d6500000,0x00000007d8500000,0x00000007d8500000)
  from space 5120K, 99% used [0x00000007d8500000,0x00000007d89fb130,0x00000007d8a00000)
  to   space 5120K, 0% used [0x00000007daa00000,0x00000007daa00000,0x00000007daf00000)
 ParOldGen       total 84992K, used 14838K [0x0000000783000000, 0x0000000788300000, 0x00000007d6500000)
  object space 84992K, 17% used [0x0000000783000000,0x0000000783e7da20,0x0000000788300000)
 PSPermGen       total 21504K, used 4356K [0x000000077de00000, 0x000000077f300000, 0x0000000783000000)
  object space 21504K, 20% used [0x000000077de00000,0x000000077e2413d8,0x000000077f300000)
Event: 1.360 GC heap after
Heap after GC invocations=2 (full 0):
 PSYoungGen      total 70656K, used 5120K [0x00000007d6500000, 0x00000007daf00000, 0x0000000800000000)
  eden space 65536K, 0% used [0x00000007d6500000,0x00000007d6500000,0x00000007da500000)
  from space 5120K, 100% used [0x00000007daa00000,0x00000007daf00000,0x00000007daf00000)
  to   space 5120K, 0% used [0x00000007da500000,0x00000007da500000,0x00000007daa00000)
 ParOldGen       total 84992K, used 35639K [0x0000000783000000, 0x0000000788300000, 0x00000007d6500000)
  object space 84992K, 41% used [0x0000000783000000,0x00000007852cdd28,0x0000000788300000)
 PSPermGen       total 21504K, used 4356K [0x000000077de00000, 0x000000077f300000, 0x0000000783000000)
  object space 21504K, 20% used [0x000000077de00000,0x000000077e2413d8,0x000000077f300000)
}
Event: 1.577 GC heap before
{Heap before GC invocations=3 (full 0):
 PSYoungGen      total 70656K, used 70656K [0x00000007d6500000, 0x00000007daf00000, 0x0000000800000000)
  eden space 65536K, 100% used [0x00000007d6500000,0x00000007da500000,0x00000007da500000)
  from space 5120K, 100% used [0x00000007daa00000,0x00000007daf00000,0x00000007daf00000)
  to   space 5120K, 0% used [0x00000007da500000,0x00000007da500000,0x00000007daa00000)
 ParOldGen       total 84992K, used 35639K [0x0000000783000000, 0x0000000788300000, 0x00000007d6500000)
  object space 84992K, 41% used [0x0000000783000000,0x00000007852cdd28,0x0000000788300000)
 PSPermGen       total 21504K, used 4357K [0x000000077de00000, 0x000000077f300000, 0x0000000783000000)
  object space 21504K, 20% used [0x000000077de00000,0x000000077e2417e8,0x000000077f300000)
Event: 1.649 GC heap after
Heap after GC invocations=3 (full 0):
 PSYoungGen      total 70656K, used 5120K [0x00000007d6500000, 0x00000007def00000, 0x0000000800000000)
  eden space 65536K, 0% used [0x00000007d6500000,0x00000007d6500000,0x00000007da500000)
  from space 5120K, 100% used [0x00000007da500000,0x00000007daa00000,0x00000007daa00000)
  to   space 5120K, 0% used [0x00000007dea00000,0x00000007dea00000,0x00000007def00000)
 ParOldGen       total 87552K, used 86735K [0x0000000783000000, 0x0000000788580000, 0x00000007d6500000)
  object space 87552K, 99% used [0x0000000783000000,0x00000007884b3d28,0x0000000788580000)
 PSPermGen       total 21504K, used 4357K [0x000000077de00000, 0x000000077f300000, 0x0000000783000000)
  object space 21504K, 20% used [0x000000077de00000,0x000000077e2417e8,0x000000077f300000)
}
Event: 1.649 GC heap before
{Heap before GC invocations=4 (full 1):
 PSYoungGen      total 70656K, used 5120K [0x00000007d6500000, 0x00000007def00000, 0x0000000800000000)
  eden space 65536K, 0% used [0x00000007d6500000,0x00000007d6500000,0x00000007da500000)
  from space 5120K, 100% used [0x00000007da500000,0x00000007daa00000,0x00000007daa00000)
  to   space 5120K, 0% used [0x00000007dea00000,0x00000007dea00000,0x00000007def00000)
 ParOldGen       total 87552K, used 86735K [0x0000000783000000, 0x0000000788580000, 0x00000007d6500000)
  object space 87552K, 99% used [0x0000000783000000,0x00000007884b3d28,0x0000000788580000)
 PSPermGen       total 21504K, used 4357K [0x000000077de00000, 0x000000077f300000, 0x0000000783000000)
  object space 21504K, 20% used [0x000000077de00000,0x000000077e2417e8,0x000000077f300000)
Event: 2.210 GC heap after
Heap after GC invocations=4 (full 1):
 PSYoungGen      total 70656K, used 0K [0x00000007d6500000, 0x00000007def00000, 0x0000000800000000)
  eden space 65536K, 0% used [0x00000007d6500000,0x00000007d6500000,0x00000007da500000)
  from space 5120K, 0% used [0x00000007da500000,0x00000007da500000,0x00000007daa00000)
  to   space 5120K, 0% used [0x00000007dea00000,0x00000007dea00000,0x00000007def00000)
 ParOldGen       total 192512K, used 84526K [0x0000000783000000, 0x000000078ec00000, 0x00000007d6500000)
  object space 192512K, 43% used [0x0000000783000000,0x000000078828b840,0x000000078ec00000)
 PSPermGen       total 21504K, used 4356K [0x000000077de00000, 0x000000077f300000, 0x0000000783000000)
  object space 21504K, 20% used [0x000000077de00000,0x000000077e241268,0x000000077f300000)
}

